  Concerto.cpp
G:\Github Repos\Custom-Console\DrawableConsole\ConsoleWindow.h(297,75): warning C4018: '<': signed/unsigned mismatch
G:\Github Repos\Custom-Console\DrawableConsole\ConsoleWindow.h(299,73): warning C4018: '<': signed/unsigned mismatch
G:\Github Repos\Custom-Console\DrawableConsole\ConsoleWindow.h(300,40): warning C4018: '<': signed/unsigned mismatch
G:\Github Repos\Custom-Console\DrawableConsole\Settings.h(32,48): warning C4244: 'argument': conversion from 'int' to 'float', possible loss of data
G:\Github Repos\Custom-Console\DrawableConsole\Settings.h(32,39): warning C4244: 'argument': conversion from 'int' to 'float', possible loss of data
G:\Github Repos\Custom-Console\DrawableConsole\Defaults.h(15,2): warning C4091: 'static ': ignored on left of 'SYDEDefaults' when no variable is declared
G:\Github Repos\Custom-Console\DrawableConsole\Concerto.h(79,91): warning C4129: 'B': unrecognized character escape sequence
G:\Github Repos\Custom-Console\DrawableConsole\Concerto.h(84,160): warning C4129: 'B': unrecognized character escape sequence
G:\Github Repos\Custom-Console\DrawableConsole\Concerto.cpp(108,37): warning C4244: 'argument': conversion from 'int' to 'float', possible loss of data
G:\Github Repos\Custom-Console\DrawableConsole\Concerto.cpp(108,34): warning C4244: 'argument': conversion from 'int' to 'float', possible loss of data
G:\Github Repos\Custom-Console\DrawableConsole\Concerto.cpp(153,37): warning C4244: 'argument': conversion from 'int' to 'float', possible loss of data
G:\Github Repos\Custom-Console\DrawableConsole\Concerto.cpp(153,34): warning C4244: 'argument': conversion from 'int' to 'float', possible loss of data
  DrawableConsole.cpp
G:\Github Repos\Custom-Console\DrawableConsole\ConsoleWindow.h(297,75): warning C4018: '<': signed/unsigned mismatch
G:\Github Repos\Custom-Console\DrawableConsole\ConsoleWindow.h(299,73): warning C4018: '<': signed/unsigned mismatch
G:\Github Repos\Custom-Console\DrawableConsole\ConsoleWindow.h(300,40): warning C4018: '<': signed/unsigned mismatch
G:\Github Repos\Custom-Console\DrawableConsole\Settings.h(32,48): warning C4244: 'argument': conversion from 'int' to 'float', possible loss of data
G:\Github Repos\Custom-Console\DrawableConsole\Settings.h(32,39): warning C4244: 'argument': conversion from 'int' to 'float', possible loss of data
G:\Github Repos\Custom-Console\DrawableConsole\Defaults.h(15,2): warning C4091: 'static ': ignored on left of 'SYDEDefaults' when no variable is declared
G:\Github Repos\Custom-Console\DrawableConsole\Concerto.h(79,91): warning C4129: 'B': unrecognized character escape sequence
G:\Github Repos\Custom-Console\DrawableConsole\Concerto.h(84,160): warning C4129: 'B': unrecognized character escape sequence
G:\Github Repos\Custom-Console\DrawableConsole\SYDEShapes.h(57,44): warning C4244: 'argument': conversion from 'int' to 'float', possible loss of data
G:\Github Repos\Custom-Console\DrawableConsole\SYDEShapes.h(58,66): warning C4244: 'argument': conversion from 'int' to 'float', possible loss of data
G:\Github Repos\Custom-Console\DrawableConsole\SYDEShapes.h(59,81): warning C4244: 'argument': conversion from 'int' to 'float', possible loss of data
G:\Github Repos\Custom-Console\DrawableConsole\SYDEShapes.h(60,59): warning C4244: 'argument': conversion from 'int' to 'float', possible loss of data
G:\Github Repos\Custom-Console\DrawableConsole\SYDEShapes.h(64,41): warning C4244: 'argument': conversion from 'int' to 'float', possible loss of data
G:\Github Repos\Custom-Console\DrawableConsole\SYDEShapes.h(97,44): warning C4244: 'argument': conversion from 'int' to 'float', possible loss of data
G:\Github Repos\Custom-Console\DrawableConsole\SYDEShapes.h(98,66): warning C4244: 'argument': conversion from 'int' to 'float', possible loss of data
G:\Github Repos\Custom-Console\DrawableConsole\SYDEShapes.h(99,81): warning C4244: 'argument': conversion from 'int' to 'float', possible loss of data
G:\Github Repos\Custom-Console\DrawableConsole\SYDEShapes.h(100,59): warning C4244: 'argument': conversion from 'int' to 'float', possible loss of data
G:\Github Repos\Custom-Console\DrawableConsole\SYDEShapes.h(102,41): warning C4244: 'argument': conversion from 'int' to 'float', possible loss of data
G:\Github Repos\Custom-Console\DrawableConsole\DrawableConsole.cpp(74,20): warning C4018: '<': signed/unsigned mismatch
G:\Github Repos\Custom-Console\DrawableConsole\DrawableConsole.cpp(85,21): warning C4018: '<': signed/unsigned mismatch
G:\Github Repos\Custom-Console\DrawableConsole\DrawableConsole.cpp(105,13): warning C4244: 'initializing': conversion from 'float' to 'int', possible loss of data
G:\Github Repos\Custom-Console\DrawableConsole\DrawableConsole.cpp(107,14): warning C4244: 'initializing': conversion from 'float' to 'int', possible loss of data
G:\Github Repos\Custom-Console\DrawableConsole\DrawableConsole.cpp(109,26): warning C4244: 'argument': conversion from 'int' to 'float', possible loss of data
G:\Github Repos\Custom-Console\DrawableConsole\DrawableConsole.cpp(109,23): warning C4244: 'argument': conversion from 'int' to 'float', possible loss of data
G:\Github Repos\Custom-Console\DrawableConsole\DrawableConsole.cpp(136,13): warning C4244: 'initializing': conversion from 'float' to 'int', possible loss of data
G:\Github Repos\Custom-Console\DrawableConsole\DrawableConsole.cpp(138,33): warning C4244: 'argument': conversion from 'int' to 'float', possible loss of data
G:\Github Repos\Custom-Console\DrawableConsole\DrawableConsole.cpp(140,13): warning C4244: 'initializing': conversion from 'float' to 'int', possible loss of data
G:\Github Repos\Custom-Console\DrawableConsole\DrawableConsole.cpp(142,36): warning C4244: 'argument': conversion from 'int' to 'float', possible loss of data
G:\Github Repos\Custom-Console\DrawableConsole\DrawableConsole.cpp(144,13): warning C4244: 'initializing': conversion from 'float' to 'int', possible loss of data
G:\Github Repos\Custom-Console\DrawableConsole\DrawableConsole.cpp(144,36): warning C4244: 'initializing': conversion from 'float' to 'int', possible loss of data
G:\Github Repos\Custom-Console\DrawableConsole\DrawableConsole.cpp(146,35): warning C4244: 'argument': conversion from 'int' to 'float', possible loss of data
G:\Github Repos\Custom-Console\DrawableConsole\DrawableConsole.cpp(146,33): warning C4244: 'argument': conversion from 'int' to 'float', possible loss of data
G:\Github Repos\Custom-Console\DrawableConsole\DrawableConsole.cpp(176,20): warning C4018: '<': signed/unsigned mismatch
G:\Github Repos\Custom-Console\DrawableConsole\DrawableConsole.cpp(178,70): warning C4244: 'argument': conversion from 'int' to 'float', possible loss of data
G:\Github Repos\Custom-Console\DrawableConsole\DrawableConsole.cpp(209,22): warning C4018: '<': signed/unsigned mismatch
G:\Github Repos\Custom-Console\DrawableConsole\DrawableConsole.cpp(238,22): warning C4018: '<': signed/unsigned mismatch
G:\Github Repos\Custom-Console\DrawableConsole\DrawableConsole.cpp(265,51): warning C4244: 'argument': conversion from 'int' to 'float', possible loss of data
G:\Github Repos\Custom-Console\DrawableConsole\DrawableConsole.cpp(265,33): warning C4244: 'argument': conversion from 'int' to 'float', possible loss of data
G:\Github Repos\Custom-Console\DrawableConsole\DrawableConsole.cpp(274,42): warning C4244: 'argument': conversion from 'int' to 'float', possible loss of data
G:\Github Repos\Custom-Console\DrawableConsole\DrawableConsole.cpp(517,38): warning C4244: 'argument': conversion from 'int' to 'float', possible loss of data
G:\Github Repos\Custom-Console\DrawableConsole\DrawableConsole.cpp(517,35): warning C4244: 'argument': conversion from 'int' to 'float', possible loss of data
G:\Github Repos\Custom-Console\DrawableConsole\DrawableConsole.cpp(533,38): warning C4244: 'argument': conversion from 'int' to 'float', possible loss of data
G:\Github Repos\Custom-Console\DrawableConsole\DrawableConsole.cpp(533,35): warning C4244: 'argument': conversion from 'int' to 'float', possible loss of data
G:\Github Repos\Custom-Console\DrawableConsole\DrawableConsole.cpp(849,20): warning C4018: '<': signed/unsigned mismatch
G:\Github Repos\Custom-Console\DrawableConsole\DrawableConsole.cpp(851,33): warning C4244: 'argument': conversion from 'int' to 'float', possible loss of data
G:\Github Repos\Custom-Console\DrawableConsole\DrawableConsole.cpp(866,31): warning C4018: '>': signed/unsigned mismatch
G:\Github Repos\Custom-Console\DrawableConsole\DrawableConsole.cpp(870,37): warning C4244: 'argument': conversion from 'int' to 'float', possible loss of data
G:\Github Repos\Custom-Console\DrawableConsole\DrawableConsole.cpp(870,34): warning C4244: 'argument': conversion from 'int' to 'float', possible loss of data
G:\Github Repos\Custom-Console\DrawableConsole\DrawableConsole.cpp(873,20): warning C4018: '<': signed/unsigned mismatch
G:\Github Repos\Custom-Console\DrawableConsole\DrawableConsole.cpp(881,23): warning C4018: '<': signed/unsigned mismatch
G:\Github Repos\Custom-Console\DrawableConsole\DrawableConsole.cpp(883,51): warning C4244: 'argument': conversion from 'int' to 'float', possible loss of data
G:\Github Repos\Custom-Console\DrawableConsole\DrawableConsole.cpp(883,34): warning C4244: 'argument': conversion from 'int' to 'float', possible loss of data
G:\Github Repos\Custom-Console\DrawableConsole\DrawableConsole.cpp(885,40): warning C4018: '<': signed/unsigned mismatch
G:\Github Repos\Custom-Console\DrawableConsole\DrawableConsole.cpp(887,51): warning C4244: 'argument': conversion from 'int' to 'float', possible loss of data
G:\Github Repos\Custom-Console\DrawableConsole\DrawableConsole.cpp(887,34): warning C4244: 'argument': conversion from 'int' to 'float', possible loss of data
G:\Github Repos\Custom-Console\DrawableConsole\DrawableConsole.cpp(946,38): warning C4244: 'argument': conversion from 'int' to 'float', possible loss of data
G:\Github Repos\Custom-Console\DrawableConsole\DrawableConsole.cpp(946,35): warning C4244: 'argument': conversion from 'int' to 'float', possible loss of data
G:\Github Repos\Custom-Console\DrawableConsole\DrawableConsole.cpp(980,58): warning C4244: 'argument': conversion from 'int' to 'float', possible loss of data
G:\Github Repos\Custom-Console\DrawableConsole\DrawableConsole.cpp(996,37): warning C4244: 'argument': conversion from 'int' to 'float', possible loss of data
G:\Github Repos\Custom-Console\DrawableConsole\DrawableConsole.cpp(996,35): warning C4244: 'argument': conversion from 'int' to 'float', possible loss of data
G:\Github Repos\Custom-Console\DrawableConsole\DrawableConsole.cpp(1008,21): warning C4018: '<': signed/unsigned mismatch
G:\Github Repos\Custom-Console\DrawableConsole\DrawableConsole.cpp(1033,21): warning C4018: '<': signed/unsigned mismatch
G:\Github Repos\Custom-Console\DrawableConsole\DrawableConsole.cpp(1253,48): warning C4244: 'argument': conversion from 'int' to 'float', possible loss of data
G:\Github Repos\Custom-Console\DrawableConsole\DrawableConsole.cpp(1253,41): warning C4244: 'argument': conversion from 'int' to 'float', possible loss of data
G:\Github Repos\Custom-Console\DrawableConsole\DrawableConsole.cpp(1261,45): warning C4244: 'argument': conversion from 'int' to 'float', possible loss of data
G:\Github Repos\Custom-Console\DrawableConsole\DrawableConsole.cpp(1261,23): warning C4244: 'argument': conversion from 'int' to 'float', possible loss of data
G:\Github Repos\Custom-Console\DrawableConsole\DrawableConsole.cpp(1262,46): warning C4244: 'argument': conversion from 'int' to 'float', possible loss of data
G:\Github Repos\Custom-Console\DrawableConsole\DrawableConsole.cpp(1262,43): warning C4244: 'argument': conversion from 'int' to 'float', possible loss of data
G:\Github Repos\Custom-Console\DrawableConsole\DrawableConsole.cpp(1332,44): warning C4244: 'argument': conversion from 'int' to 'float', possible loss of data
G:\Github Repos\Custom-Console\DrawableConsole\DrawableConsole.cpp(1332,40): warning C4244: 'argument': conversion from 'int' to 'float', possible loss of data
G:\Github Repos\Custom-Console\DrawableConsole\DrawableConsole.cpp(1355,20): warning C4018: '<': signed/unsigned mismatch
G:\Github Repos\Custom-Console\DrawableConsole\DrawableConsole.cpp(1396,17): warning C4018: '<': signed/unsigned mismatch
G:\Github Repos\Custom-Console\DrawableConsole\DrawableConsole.cpp(1401,41): warning C4244: 'argument': conversion from 'int' to 'float', possible loss of data
G:\Github Repos\Custom-Console\DrawableConsole\DrawableConsole.cpp(1401,27): warning C4244: 'argument': conversion from 'int' to 'float', possible loss of data
G:\Github Repos\Custom-Console\DrawableConsole\DrawableConsole.cpp(1411,25): warning C4244: 'argument': conversion from 'int' to 'float', possible loss of data
G:\Github Repos\Custom-Console\DrawableConsole\DrawableConsole.cpp(1411,23): warning C4244: 'argument': conversion from 'int' to 'float', possible loss of data
G:\Github Repos\Custom-Console\DrawableConsole\DrawableConsole.cpp(1422,25): warning C4244: 'argument': conversion from 'int' to 'float', possible loss of data
G:\Github Repos\Custom-Console\DrawableConsole\DrawableConsole.cpp(1422,22): warning C4244: 'argument': conversion from 'int' to 'float', possible loss of data
G:\Github Repos\Custom-Console\DrawableConsole\DrawableConsole.cpp(1450,22): warning C4018: '<': signed/unsigned mismatch
G:\Github Repos\Custom-Console\DrawableConsole\DrawableConsole.cpp(1560,37): warning C4244: 'argument': conversion from 'int' to 'float', possible loss of data
G:\Github Repos\Custom-Console\DrawableConsole\DrawableConsole.cpp(1560,34): warning C4244: 'argument': conversion from 'int' to 'float', possible loss of data
G:\Github Repos\Custom-Console\DrawableConsole\DrawableConsole.cpp(1573,71): warning C4244: 'argument': conversion from 'int' to 'float', possible loss of data
G:\Github Repos\Custom-Console\DrawableConsole\DrawableConsole.cpp(1578,72): warning C4244: 'argument': conversion from 'int' to 'float', possible loss of data
G:\Github Repos\Custom-Console\DrawableConsole\DrawableConsole.cpp(1582,65): warning C4244: 'argument': conversion from 'int' to 'float', possible loss of data
G:\Github Repos\Custom-Console\DrawableConsole\DrawableConsole.cpp(1598,67): warning C4244: 'argument': conversion from 'int' to 'float', possible loss of data
G:\Github Repos\Custom-Console\DrawableConsole\DrawableConsole.cpp(1598,64): warning C4244: 'argument': conversion from 'int' to 'float', possible loss of data
G:\Github Repos\Custom-Console\DrawableConsole\DrawableConsole.cpp(1606,66): warning C4244: 'argument': conversion from 'int' to 'float', possible loss of data
G:\Github Repos\Custom-Console\DrawableConsole\DrawableConsole.cpp(1610,73): warning C4244: 'argument': conversion from 'int' to 'float', possible loss of data
G:\Github Repos\Custom-Console\DrawableConsole\DrawableConsole.cpp(1614,72): warning C4244: 'argument': conversion from 'int' to 'float', possible loss of data
G:\Github Repos\Custom-Console\DrawableConsole\DrawableConsole.cpp(1640,66): warning C4244: 'argument': conversion from 'int' to 'float', possible loss of data
G:\Github Repos\Custom-Console\DrawableConsole\DrawableConsole.cpp(1659,66): warning C4244: 'argument': conversion from 'int' to 'float', possible loss of data
G:\Github Repos\Custom-Console\DrawableConsole\DrawableConsole.cpp(1665,66): warning C4244: 'argument': conversion from 'int' to 'float', possible loss of data
G:\Github Repos\Custom-Console\DrawableConsole\DrawableConsole.cpp(1699,66): warning C4244: 'argument': conversion from 'int' to 'float', possible loss of data
G:\Github Repos\Custom-Console\DrawableConsole\DrawableConsole.cpp(1724,71): warning C4244: 'argument': conversion from 'int' to 'float', possible loss of data
G:\Github Repos\Custom-Console\DrawableConsole\DrawableConsole.cpp(1728,65): warning C4244: 'argument': conversion from 'int' to 'float', possible loss of data
G:\Github Repos\Custom-Console\DrawableConsole\DrawableConsole.cpp(1733,65): warning C4244: 'argument': conversion from 'int' to 'float', possible loss of data
G:\Github Repos\Custom-Console\DrawableConsole\DrawableConsole.cpp(1738,65): warning C4244: 'argument': conversion from 'int' to 'float', possible loss of data
G:\Github Repos\Custom-Console\DrawableConsole\DrawableConsole.cpp(1743,65): warning C4244: 'argument': conversion from 'int' to 'float', possible loss of data
G:\Github Repos\Custom-Console\DrawableConsole\DrawableConsole.cpp(1748,71): warning C4244: 'argument': conversion from 'int' to 'float', possible loss of data
G:\Github Repos\Custom-Console\DrawableConsole\DrawableConsole.cpp(1753,72): warning C4244: 'argument': conversion from 'int' to 'float', possible loss of data
G:\Github Repos\Custom-Console\DrawableConsole\DrawableConsole.cpp(1757,69): warning C4244: 'argument': conversion from 'int' to 'float', possible loss of data
G:\Github Repos\Custom-Console\DrawableConsole\DrawableConsole.cpp(1762,65): warning C4244: 'argument': conversion from 'int' to 'float', possible loss of data
G:\Github Repos\Custom-Console\DrawableConsole\DrawableConsole.cpp(1782,53): warning C4244: 'argument': conversion from 'int' to 'float', possible loss of data
G:\Github Repos\Custom-Console\DrawableConsole\DrawableConsole.cpp(1782,51): warning C4244: 'argument': conversion from 'int' to 'float', possible loss of data
G:\Github Repos\Custom-Console\DrawableConsole\DrawableConsole.cpp(1792,72): warning C4244: 'argument': conversion from 'int' to 'float', possible loss of data
G:\Github Repos\Custom-Console\DrawableConsole\DrawableConsole.cpp(1821,37): warning C4244: 'argument': conversion from 'int' to 'float', possible loss of data
G:\Github Repos\Custom-Console\DrawableConsole\DrawableConsole.cpp(1821,35): warning C4244: 'argument': conversion from 'int' to 'float', possible loss of data
G:\Github Repos\Custom-Console\DrawableConsole\DrawableConsole.cpp(1824,21): warning C4018: '<': signed/unsigned mismatch
G:\Github Repos\Custom-Console\DrawableConsole\DrawableConsole.cpp(1829,21): warning C4018: '<': signed/unsigned mismatch
G:\Github Repos\Custom-Console\DrawableConsole\DrawableConsole.cpp(1878,21): warning C4018: '<': signed/unsigned mismatch
G:\Github Repos\Custom-Console\DrawableConsole\DrawableConsole.cpp(1894,21): warning C4018: '<': signed/unsigned mismatch
G:\Github Repos\Custom-Console\DrawableConsole\DrawableConsole.cpp(1927,22): warning C4018: '<': signed/unsigned mismatch
G:\Github Repos\Custom-Console\DrawableConsole\DrawableConsole.cpp(2244,39): warning C4244: 'argument': conversion from 'int' to 'float', possible loss of data
G:\Github Repos\Custom-Console\DrawableConsole\DrawableConsole.cpp(2244,32): warning C4244: 'argument': conversion from 'int' to 'float', possible loss of data
G:\Github Repos\Custom-Console\DrawableConsole\DrawableConsole.cpp(2245,43): warning C4244: 'argument': conversion from 'int' to 'float', possible loss of data
G:\Github Repos\Custom-Console\DrawableConsole\DrawableConsole.cpp(2245,38): warning C4244: 'argument': conversion from 'int' to 'float', possible loss of data
G:\Github Repos\Custom-Console\DrawableConsole\DrawableConsole.cpp(2246,43): warning C4244: 'argument': conversion from 'int' to 'float', possible loss of data
G:\Github Repos\Custom-Console\DrawableConsole\DrawableConsole.cpp(2246,38): warning C4244: 'argument': conversion from 'int' to 'float', possible loss of data
G:\Github Repos\Custom-Console\DrawableConsole\DrawableConsole.cpp(2247,43): warning C4244: 'argument': conversion from 'int' to 'float', possible loss of data
G:\Github Repos\Custom-Console\DrawableConsole\DrawableConsole.cpp(2247,38): warning C4244: 'argument': conversion from 'int' to 'float', possible loss of data
G:\Github Repos\Custom-Console\DrawableConsole\DrawableConsole.cpp(2248,43): warning C4244: 'argument': conversion from 'int' to 'float', possible loss of data
G:\Github Repos\Custom-Console\DrawableConsole\DrawableConsole.cpp(2248,38): warning C4244: 'argument': conversion from 'int' to 'float', possible loss of data
G:\Github Repos\Custom-Console\DrawableConsole\DrawableConsole.cpp(2249,43): warning C4244: 'argument': conversion from 'int' to 'float', possible loss of data
G:\Github Repos\Custom-Console\DrawableConsole\DrawableConsole.cpp(2249,38): warning C4244: 'argument': conversion from 'int' to 'float', possible loss of data
G:\Github Repos\Custom-Console\DrawableConsole\DrawableConsole.cpp(2251,43): warning C4244: 'argument': conversion from 'int' to 'float', possible loss of data
G:\Github Repos\Custom-Console\DrawableConsole\DrawableConsole.cpp(2251,38): warning C4244: 'argument': conversion from 'int' to 'float', possible loss of data
G:\Github Repos\Custom-Console\DrawableConsole\DrawableConsole.cpp(2252,43): warning C4244: 'argument': conversion from 'int' to 'float', possible loss of data
G:\Github Repos\Custom-Console\DrawableConsole\DrawableConsole.cpp(2252,38): warning C4244: 'argument': conversion from 'int' to 'float', possible loss of data
G:\Github Repos\Custom-Console\DrawableConsole\DrawableConsole.cpp(2254,44): warning C4244: 'argument': conversion from 'int' to 'float', possible loss of data
G:\Github Repos\Custom-Console\DrawableConsole\DrawableConsole.cpp(2254,38): warning C4244: 'argument': conversion from 'int' to 'float', possible loss of data
G:\Github Repos\Custom-Console\DrawableConsole\DrawableConsole.cpp(2255,44): warning C4244: 'argument': conversion from 'int' to 'float', possible loss of data
G:\Github Repos\Custom-Console\DrawableConsole\DrawableConsole.cpp(2255,38): warning C4244: 'argument': conversion from 'int' to 'float', possible loss of data
G:\Github Repos\Custom-Console\DrawableConsole\DrawableConsole.cpp(2257,44): warning C4244: 'argument': conversion from 'int' to 'float', possible loss of data
G:\Github Repos\Custom-Console\DrawableConsole\DrawableConsole.cpp(2257,38): warning C4244: 'argument': conversion from 'int' to 'float', possible loss of data
G:\Github Repos\Custom-Console\DrawableConsole\DrawableConsole.cpp(2258,44): warning C4244: 'argument': conversion from 'int' to 'float', possible loss of data
G:\Github Repos\Custom-Console\DrawableConsole\DrawableConsole.cpp(2258,38): warning C4244: 'argument': conversion from 'int' to 'float', possible loss of data
G:\Github Repos\Custom-Console\DrawableConsole\DrawableConsole.cpp(2259,44): warning C4244: 'argument': conversion from 'int' to 'float', possible loss of data
G:\Github Repos\Custom-Console\DrawableConsole\DrawableConsole.cpp(2259,38): warning C4244: 'argument': conversion from 'int' to 'float', possible loss of data
G:\Github Repos\Custom-Console\DrawableConsole\DrawableConsole.cpp(2260,44): warning C4244: 'argument': conversion from 'int' to 'float', possible loss of data
G:\Github Repos\Custom-Console\DrawableConsole\DrawableConsole.cpp(2260,38): warning C4244: 'argument': conversion from 'int' to 'float', possible loss of data
G:\Github Repos\Custom-Console\DrawableConsole\DrawableConsole.cpp(2262,44): warning C4244: 'argument': conversion from 'int' to 'float', possible loss of data
G:\Github Repos\Custom-Console\DrawableConsole\DrawableConsole.cpp(2262,38): warning C4244: 'argument': conversion from 'int' to 'float', possible loss of data
G:\Github Repos\Custom-Console\DrawableConsole\DrawableConsole.cpp(2263,44): warning C4244: 'argument': conversion from 'int' to 'float', possible loss of data
G:\Github Repos\Custom-Console\DrawableConsole\DrawableConsole.cpp(2263,38): warning C4244: 'argument': conversion from 'int' to 'float', possible loss of data
G:\Github Repos\Custom-Console\DrawableConsole\DrawableConsole.cpp(2264,44): warning C4244: 'argument': conversion from 'int' to 'float', possible loss of data
G:\Github Repos\Custom-Console\DrawableConsole\DrawableConsole.cpp(2264,38): warning C4244: 'argument': conversion from 'int' to 'float', possible loss of data
G:\Github Repos\Custom-Console\DrawableConsole\DrawableConsole.cpp(2265,44): warning C4244: 'argument': conversion from 'int' to 'float', possible loss of data
G:\Github Repos\Custom-Console\DrawableConsole\DrawableConsole.cpp(2265,38): warning C4244: 'argument': conversion from 'int' to 'float', possible loss of data
G:\Github Repos\Custom-Console\DrawableConsole\DrawableConsole.cpp(2266,44): warning C4244: 'argument': conversion from 'int' to 'float', possible loss of data
G:\Github Repos\Custom-Console\DrawableConsole\DrawableConsole.cpp(2266,38): warning C4244: 'argument': conversion from 'int' to 'float', possible loss of data
G:\Github Repos\Custom-Console\DrawableConsole\DrawableConsole.cpp(2267,44): warning C4244: 'argument': conversion from 'int' to 'float', possible loss of data
G:\Github Repos\Custom-Console\DrawableConsole\DrawableConsole.cpp(2267,38): warning C4244: 'argument': conversion from 'int' to 'float', possible loss of data
G:\Github Repos\Custom-Console\DrawableConsole\DrawableConsole.cpp(2270,45): warning C4244: 'argument': conversion from 'int' to 'float', possible loss of data
G:\Github Repos\Custom-Console\DrawableConsole\DrawableConsole.cpp(2270,32): warning C4244: 'argument': conversion from 'int' to 'float', possible loss of data
G:\Github Repos\Custom-Console\DrawableConsole\DrawableConsole.cpp(2271,49): warning C4244: 'argument': conversion from 'int' to 'float', possible loss of data
G:\Github Repos\Custom-Console\DrawableConsole\DrawableConsole.cpp(2271,38): warning C4244: 'argument': conversion from 'int' to 'float', possible loss of data
G:\Github Repos\Custom-Console\DrawableConsole\DrawableConsole.cpp(2273,49): warning C4244: 'argument': conversion from 'int' to 'float', possible loss of data
G:\Github Repos\Custom-Console\DrawableConsole\DrawableConsole.cpp(2273,38): warning C4244: 'argument': conversion from 'int' to 'float', possible loss of data
G:\Github Repos\Custom-Console\DrawableConsole\DrawableConsole.cpp(2274,49): warning C4244: 'argument': conversion from 'int' to 'float', possible loss of data
G:\Github Repos\Custom-Console\DrawableConsole\DrawableConsole.cpp(2274,38): warning C4244: 'argument': conversion from 'int' to 'float', possible loss of data
G:\Github Repos\Custom-Console\DrawableConsole\DrawableConsole.cpp(2275,50): warning C4244: 'argument': conversion from 'int' to 'float', possible loss of data
G:\Github Repos\Custom-Console\DrawableConsole\DrawableConsole.cpp(2275,38): warning C4244: 'argument': conversion from 'int' to 'float', possible loss of data
G:\Github Repos\Custom-Console\DrawableConsole\DrawableConsole.cpp(2276,50): warning C4244: 'argument': conversion from 'int' to 'float', possible loss of data
G:\Github Repos\Custom-Console\DrawableConsole\DrawableConsole.cpp(2276,38): warning C4244: 'argument': conversion from 'int' to 'float', possible loss of data
G:\Github Repos\Custom-Console\DrawableConsole\DrawableConsole.cpp(2277,50): warning C4244: 'argument': conversion from 'int' to 'float', possible loss of data
G:\Github Repos\Custom-Console\DrawableConsole\DrawableConsole.cpp(2277,38): warning C4244: 'argument': conversion from 'int' to 'float', possible loss of data
G:\Github Repos\Custom-Console\DrawableConsole\DrawableConsole.cpp(2278,50): warning C4244: 'argument': conversion from 'int' to 'float', possible loss of data
G:\Github Repos\Custom-Console\DrawableConsole\DrawableConsole.cpp(2278,38): warning C4244: 'argument': conversion from 'int' to 'float', possible loss of data
G:\Github Repos\Custom-Console\DrawableConsole\DrawableConsole.cpp(2280,50): warning C4244: 'argument': conversion from 'int' to 'float', possible loss of data
G:\Github Repos\Custom-Console\DrawableConsole\DrawableConsole.cpp(2280,38): warning C4244: 'argument': conversion from 'int' to 'float', possible loss of data
G:\Github Repos\Custom-Console\DrawableConsole\DrawableConsole.cpp(2281,50): warning C4244: 'argument': conversion from 'int' to 'float', possible loss of data
G:\Github Repos\Custom-Console\DrawableConsole\DrawableConsole.cpp(2281,38): warning C4244: 'argument': conversion from 'int' to 'float', possible loss of data
G:\Github Repos\Custom-Console\DrawableConsole\DrawableConsole.cpp(2282,50): warning C4244: 'argument': conversion from 'int' to 'float', possible loss of data
G:\Github Repos\Custom-Console\DrawableConsole\DrawableConsole.cpp(2282,38): warning C4244: 'argument': conversion from 'int' to 'float', possible loss of data
G:\Github Repos\Custom-Console\DrawableConsole\DrawableConsole.cpp(2283,50): warning C4244: 'argument': conversion from 'int' to 'float', possible loss of data
G:\Github Repos\Custom-Console\DrawableConsole\DrawableConsole.cpp(2283,38): warning C4244: 'argument': conversion from 'int' to 'float', possible loss of data
G:\Github Repos\Custom-Console\DrawableConsole\DrawableConsole.cpp(2285,50): warning C4244: 'argument': conversion from 'int' to 'float', possible loss of data
G:\Github Repos\Custom-Console\DrawableConsole\DrawableConsole.cpp(2285,38): warning C4244: 'argument': conversion from 'int' to 'float', possible loss of data
G:\Github Repos\Custom-Console\DrawableConsole\DrawableConsole.cpp(2286,50): warning C4244: 'argument': conversion from 'int' to 'float', possible loss of data
G:\Github Repos\Custom-Console\DrawableConsole\DrawableConsole.cpp(2286,38): warning C4244: 'argument': conversion from 'int' to 'float', possible loss of data
G:\Github Repos\Custom-Console\DrawableConsole\DrawableConsole.cpp(2289,45): warning C4244: 'argument': conversion from 'int' to 'float', possible loss of data
G:\Github Repos\Custom-Console\DrawableConsole\DrawableConsole.cpp(2289,32): warning C4244: 'argument': conversion from 'int' to 'float', possible loss of data
G:\Github Repos\Custom-Console\DrawableConsole\DrawableConsole.cpp(2290,49): warning C4244: 'argument': conversion from 'int' to 'float', possible loss of data
G:\Github Repos\Custom-Console\DrawableConsole\DrawableConsole.cpp(2290,38): warning C4244: 'argument': conversion from 'int' to 'float', possible loss of data
G:\Github Repos\Custom-Console\DrawableConsole\DrawableConsole.cpp(2291,49): warning C4244: 'argument': conversion from 'int' to 'float', possible loss of data
G:\Github Repos\Custom-Console\DrawableConsole\DrawableConsole.cpp(2291,38): warning C4244: 'argument': conversion from 'int' to 'float', possible loss of data
G:\Github Repos\Custom-Console\DrawableConsole\DrawableConsole.cpp(2292,49): warning C4244: 'argument': conversion from 'int' to 'float', possible loss of data
G:\Github Repos\Custom-Console\DrawableConsole\DrawableConsole.cpp(2292,38): warning C4244: 'argument': conversion from 'int' to 'float', possible loss of data
G:\Github Repos\Custom-Console\DrawableConsole\DrawableConsole.cpp(2293,49): warning C4244: 'argument': conversion from 'int' to 'float', possible loss of data
G:\Github Repos\Custom-Console\DrawableConsole\DrawableConsole.cpp(2293,38): warning C4244: 'argument': conversion from 'int' to 'float', possible loss of data
G:\Github Repos\Custom-Console\DrawableConsole\DrawableConsole.cpp(2294,49): warning C4244: 'argument': conversion from 'int' to 'float', possible loss of data
G:\Github Repos\Custom-Console\DrawableConsole\DrawableConsole.cpp(2294,38): warning C4244: 'argument': conversion from 'int' to 'float', possible loss of data
G:\Github Repos\Custom-Console\DrawableConsole\DrawableConsole.cpp(2296,50): warning C4244: 'argument': conversion from 'int' to 'float', possible loss of data
G:\Github Repos\Custom-Console\DrawableConsole\DrawableConsole.cpp(2296,38): warning C4244: 'argument': conversion from 'int' to 'float', possible loss of data
G:\Github Repos\Custom-Console\DrawableConsole\DrawableConsole.cpp(2297,50): warning C4244: 'argument': conversion from 'int' to 'float', possible loss of data
G:\Github Repos\Custom-Console\DrawableConsole\DrawableConsole.cpp(2297,38): warning C4244: 'argument': conversion from 'int' to 'float', possible loss of data
G:\Github Repos\Custom-Console\DrawableConsole\DrawableConsole.cpp(2299,50): warning C4244: 'argument': conversion from 'int' to 'float', possible loss of data
G:\Github Repos\Custom-Console\DrawableConsole\DrawableConsole.cpp(2299,38): warning C4244: 'argument': conversion from 'int' to 'float', possible loss of data
G:\Github Repos\Custom-Console\DrawableConsole\DrawableConsole.cpp(2300,50): warning C4244: 'argument': conversion from 'int' to 'float', possible loss of data
G:\Github Repos\Custom-Console\DrawableConsole\DrawableConsole.cpp(2300,38): warning C4244: 'argument': conversion from 'int' to 'float', possible loss of data
G:\Github Repos\Custom-Console\DrawableConsole\DrawableConsole.cpp(2301,50): warning C4244: 'argument': conversion from 'int' to 'float', possible loss of data
G:\Github Repos\Custom-Console\DrawableConsole\DrawableConsole.cpp(2301,38): warning C4244: 'argument': conversion from 'int' to 'float', possible loss of data
G:\Github Repos\Custom-Console\DrawableConsole\DrawableConsole.cpp(2302,50): warning C4244: 'argument': conversion from 'int' to 'float', possible loss of data
G:\Github Repos\Custom-Console\DrawableConsole\DrawableConsole.cpp(2302,38): warning C4244: 'argument': conversion from 'int' to 'float', possible loss of data
G:\Github Repos\Custom-Console\DrawableConsole\DrawableConsole.cpp(2304,50): warning C4244: 'argument': conversion from 'int' to 'float', possible loss of data
G:\Github Repos\Custom-Console\DrawableConsole\DrawableConsole.cpp(2304,38): warning C4244: 'argument': conversion from 'int' to 'float', possible loss of data
G:\Github Repos\Custom-Console\DrawableConsole\DrawableConsole.cpp(2305,50): warning C4244: 'argument': conversion from 'int' to 'float', possible loss of data
G:\Github Repos\Custom-Console\DrawableConsole\DrawableConsole.cpp(2305,38): warning C4244: 'argument': conversion from 'int' to 'float', possible loss of data
G:\Github Repos\Custom-Console\DrawableConsole\DrawableConsole.cpp(2306,50): warning C4244: 'argument': conversion from 'int' to 'float', possible loss of data
G:\Github Repos\Custom-Console\DrawableConsole\DrawableConsole.cpp(2306,38): warning C4244: 'argument': conversion from 'int' to 'float', possible loss of data
G:\Github Repos\Custom-Console\DrawableConsole\DrawableConsole.cpp(2307,50): warning C4244: 'argument': conversion from 'int' to 'float', possible loss of data
G:\Github Repos\Custom-Console\DrawableConsole\DrawableConsole.cpp(2307,38): warning C4244: 'argument': conversion from 'int' to 'float', possible loss of data
G:\Github Repos\Custom-Console\DrawableConsole\DrawableConsole.cpp(2308,50): warning C4244: 'argument': conversion from 'int' to 'float', possible loss of data
G:\Github Repos\Custom-Console\DrawableConsole\DrawableConsole.cpp(2308,38): warning C4244: 'argument': conversion from 'int' to 'float', possible loss of data
G:\Github Repos\Custom-Console\DrawableConsole\DrawableConsole.cpp(2309,50): warning C4244: 'argument': conversion from 'int' to 'float', possible loss of data
G:\Github Repos\Custom-Console\DrawableConsole\DrawableConsole.cpp(2309,38): warning C4244: 'argument': conversion from 'int' to 'float', possible loss of data
G:\Github Repos\Custom-Console\DrawableConsole\DrawableConsole.cpp(2312,49): warning C4244: 'argument': conversion from 'int' to 'float', possible loss of data
G:\Github Repos\Custom-Console\DrawableConsole\DrawableConsole.cpp(2312,38): warning C4244: 'argument': conversion from 'int' to 'float', possible loss of data
G:\Github Repos\Custom-Console\DrawableConsole\DrawableConsole.cpp(2313,49): warning C4244: 'argument': conversion from 'int' to 'float', possible loss of data
G:\Github Repos\Custom-Console\DrawableConsole\DrawableConsole.cpp(2313,38): warning C4244: 'argument': conversion from 'int' to 'float', possible loss of data
G:\Github Repos\Custom-Console\DrawableConsole\DrawableConsole.cpp(2315,50): warning C4244: 'argument': conversion from 'int' to 'float', possible loss of data
G:\Github Repos\Custom-Console\DrawableConsole\DrawableConsole.cpp(2315,38): warning C4244: 'argument': conversion from 'int' to 'float', possible loss of data
G:\Github Repos\Custom-Console\DrawableConsole\DrawableConsole.cpp(2316,50): warning C4244: 'argument': conversion from 'int' to 'float', possible loss of data
G:\Github Repos\Custom-Console\DrawableConsole\DrawableConsole.cpp(2316,38): warning C4244: 'argument': conversion from 'int' to 'float', possible loss of data
G:\Github Repos\Custom-Console\DrawableConsole\DrawableConsole.cpp(2318,50): warning C4244: 'argument': conversion from 'int' to 'float', possible loss of data
G:\Github Repos\Custom-Console\DrawableConsole\DrawableConsole.cpp(2318,38): warning C4244: 'argument': conversion from 'int' to 'float', possible loss of data
G:\Github Repos\Custom-Console\DrawableConsole\DrawableConsole.cpp(2319,50): warning C4244: 'argument': conversion from 'int' to 'float', possible loss of data
G:\Github Repos\Custom-Console\DrawableConsole\DrawableConsole.cpp(2319,38): warning C4244: 'argument': conversion from 'int' to 'float', possible loss of data
G:\Github Repos\Custom-Console\DrawableConsole\DrawableConsole.cpp(2320,50): warning C4244: 'argument': conversion from 'int' to 'float', possible loss of data
G:\Github Repos\Custom-Console\DrawableConsole\DrawableConsole.cpp(2320,38): warning C4244: 'argument': conversion from 'int' to 'float', possible loss of data
G:\Github Repos\Custom-Console\DrawableConsole\DrawableConsole.cpp(2321,50): warning C4244: 'argument': conversion from 'int' to 'float', possible loss of data
G:\Github Repos\Custom-Console\DrawableConsole\DrawableConsole.cpp(2321,38): warning C4244: 'argument': conversion from 'int' to 'float', possible loss of data
G:\Github Repos\Custom-Console\DrawableConsole\DrawableConsole.cpp(2323,50): warning C4244: 'argument': conversion from 'int' to 'float', possible loss of data
G:\Github Repos\Custom-Console\DrawableConsole\DrawableConsole.cpp(2323,38): warning C4244: 'argument': conversion from 'int' to 'float', possible loss of data
G:\Github Repos\Custom-Console\DrawableConsole\DrawableConsole.cpp(2324,50): warning C4244: 'argument': conversion from 'int' to 'float', possible loss of data
G:\Github Repos\Custom-Console\DrawableConsole\DrawableConsole.cpp(2324,38): warning C4244: 'argument': conversion from 'int' to 'float', possible loss of data
G:\Github Repos\Custom-Console\DrawableConsole\DrawableConsole.cpp(2327,45): warning C4244: 'argument': conversion from 'int' to 'float', possible loss of data
G:\Github Repos\Custom-Console\DrawableConsole\DrawableConsole.cpp(2327,32): warning C4244: 'argument': conversion from 'int' to 'float', possible loss of data
G:\Github Repos\Custom-Console\DrawableConsole\DrawableConsole.cpp(2328,49): warning C4244: 'argument': conversion from 'int' to 'float', possible loss of data
G:\Github Repos\Custom-Console\DrawableConsole\DrawableConsole.cpp(2328,38): warning C4244: 'argument': conversion from 'int' to 'float', possible loss of data
G:\Github Repos\Custom-Console\DrawableConsole\DrawableConsole.cpp(2329,49): warning C4244: 'argument': conversion from 'int' to 'float', possible loss of data
G:\Github Repos\Custom-Console\DrawableConsole\DrawableConsole.cpp(2329,38): warning C4244: 'argument': conversion from 'int' to 'float', possible loss of data
G:\Github Repos\Custom-Console\DrawableConsole\DrawableConsole.cpp(2330,49): warning C4244: 'argument': conversion from 'int' to 'float', possible loss of data
G:\Github Repos\Custom-Console\DrawableConsole\DrawableConsole.cpp(2330,38): warning C4244: 'argument': conversion from 'int' to 'float', possible loss of data
G:\Github Repos\Custom-Console\DrawableConsole\DrawableConsole.cpp(2331,49): warning C4244: 'argument': conversion from 'int' to 'float', possible loss of data
G:\Github Repos\Custom-Console\DrawableConsole\DrawableConsole.cpp(2331,38): warning C4244: 'argument': conversion from 'int' to 'float', possible loss of data
G:\Github Repos\Custom-Console\DrawableConsole\DrawableConsole.cpp(2332,49): warning C4244: 'argument': conversion from 'int' to 'float', possible loss of data
G:\Github Repos\Custom-Console\DrawableConsole\DrawableConsole.cpp(2332,38): warning C4244: 'argument': conversion from 'int' to 'float', possible loss of data
G:\Github Repos\Custom-Console\DrawableConsole\DrawableConsole.cpp(2334,50): warning C4244: 'argument': conversion from 'int' to 'float', possible loss of data
G:\Github Repos\Custom-Console\DrawableConsole\DrawableConsole.cpp(2334,38): warning C4244: 'argument': conversion from 'int' to 'float', possible loss of data
G:\Github Repos\Custom-Console\DrawableConsole\DrawableConsole.cpp(2335,50): warning C4244: 'argument': conversion from 'int' to 'float', possible loss of data
G:\Github Repos\Custom-Console\DrawableConsole\DrawableConsole.cpp(2335,38): warning C4244: 'argument': conversion from 'int' to 'float', possible loss of data
G:\Github Repos\Custom-Console\DrawableConsole\DrawableConsole.cpp(2337,50): warning C4244: 'argument': conversion from 'int' to 'float', possible loss of data
G:\Github Repos\Custom-Console\DrawableConsole\DrawableConsole.cpp(2337,38): warning C4244: 'argument': conversion from 'int' to 'float', possible loss of data
G:\Github Repos\Custom-Console\DrawableConsole\DrawableConsole.cpp(2338,50): warning C4244: 'argument': conversion from 'int' to 'float', possible loss of data
G:\Github Repos\Custom-Console\DrawableConsole\DrawableConsole.cpp(2338,38): warning C4244: 'argument': conversion from 'int' to 'float', possible loss of data
G:\Github Repos\Custom-Console\DrawableConsole\DrawableConsole.cpp(2339,50): warning C4244: 'argument': conversion from 'int' to 'float', possible loss of data
G:\Github Repos\Custom-Console\DrawableConsole\DrawableConsole.cpp(2339,38): warning C4244: 'argument': conversion from 'int' to 'float', possible loss of data
G:\Github Repos\Custom-Console\DrawableConsole\DrawableConsole.cpp(2340,50): warning C4244: 'argument': conversion from 'int' to 'float', possible loss of data
G:\Github Repos\Custom-Console\DrawableConsole\DrawableConsole.cpp(2340,38): warning C4244: 'argument': conversion from 'int' to 'float', possible loss of data
G:\Github Repos\Custom-Console\DrawableConsole\DrawableConsole.cpp(2342,50): warning C4244: 'argument': conversion from 'int' to 'float', possible loss of data
G:\Github Repos\Custom-Console\DrawableConsole\DrawableConsole.cpp(2342,38): warning C4244: 'argument': conversion from 'int' to 'float', possible loss of data
G:\Github Repos\Custom-Console\DrawableConsole\DrawableConsole.cpp(2343,50): warning C4244: 'argument': conversion from 'int' to 'float', possible loss of data
G:\Github Repos\Custom-Console\DrawableConsole\DrawableConsole.cpp(2343,38): warning C4244: 'argument': conversion from 'int' to 'float', possible loss of data
G:\Github Repos\Custom-Console\DrawableConsole\DrawableConsole.cpp(2344,50): warning C4244: 'argument': conversion from 'int' to 'float', possible loss of data
G:\Github Repos\Custom-Console\DrawableConsole\DrawableConsole.cpp(2344,38): warning C4244: 'argument': conversion from 'int' to 'float', possible loss of data
G:\Github Repos\Custom-Console\DrawableConsole\DrawableConsole.cpp(2345,50): warning C4244: 'argument': conversion from 'int' to 'float', possible loss of data
G:\Github Repos\Custom-Console\DrawableConsole\DrawableConsole.cpp(2345,38): warning C4244: 'argument': conversion from 'int' to 'float', possible loss of data
G:\Github Repos\Custom-Console\DrawableConsole\DrawableConsole.cpp(2346,50): warning C4244: 'argument': conversion from 'int' to 'float', possible loss of data
G:\Github Repos\Custom-Console\DrawableConsole\DrawableConsole.cpp(2346,38): warning C4244: 'argument': conversion from 'int' to 'float', possible loss of data
G:\Github Repos\Custom-Console\DrawableConsole\DrawableConsole.cpp(2347,50): warning C4244: 'argument': conversion from 'int' to 'float', possible loss of data
G:\Github Repos\Custom-Console\DrawableConsole\DrawableConsole.cpp(2347,38): warning C4244: 'argument': conversion from 'int' to 'float', possible loss of data
G:\Github Repos\Custom-Console\DrawableConsole\DrawableConsole.cpp(2371,37): warning C4244: 'argument': conversion from 'int' to 'float', possible loss of data
G:\Github Repos\Custom-Console\DrawableConsole\DrawableConsole.cpp(2371,34): warning C4244: 'argument': conversion from 'int' to 'float', possible loss of data
G:\Github Repos\Custom-Console\DrawableConsole\DrawableConsole.cpp(2382,38): warning C4244: 'argument': conversion from 'int' to 'float', possible loss of data
G:\Github Repos\Custom-Console\DrawableConsole\DrawableConsole.cpp(2382,35): warning C4244: 'argument': conversion from 'int' to 'float', possible loss of data
G:\Github Repos\Custom-Console\DrawableConsole\DrawableConsole.cpp(2391,21): warning C4018: '<': signed/unsigned mismatch
G:\Github Repos\Custom-Console\DrawableConsole\DrawableConsole.cpp(2393,34): warning C4244: 'argument': conversion from 'int' to 'float', possible loss of data
G:\Github Repos\Custom-Console\DrawableConsole\DrawableConsole.cpp(2397,22): warning C4018: '<': signed/unsigned mismatch
G:\Github Repos\Custom-Console\DrawableConsole\DrawableConsole.cpp(2399,34): warning C4244: 'argument': conversion from 'int' to 'float', possible loss of data
G:\Github Repos\Custom-Console\DrawableConsole\DrawableConsole.cpp(2403,22): warning C4018: '<': signed/unsigned mismatch
G:\Github Repos\Custom-Console\DrawableConsole\DrawableConsole.cpp(2405,34): warning C4244: 'argument': conversion from 'int' to 'float', possible loss of data
G:\Github Repos\Custom-Console\DrawableConsole\DrawableConsole.cpp(2409,22): warning C4018: '<': signed/unsigned mismatch
G:\Github Repos\Custom-Console\DrawableConsole\DrawableConsole.cpp(2411,34): warning C4244: 'argument': conversion from 'int' to 'float', possible loss of data
G:\Github Repos\Custom-Console\DrawableConsole\DrawableConsole.cpp(2415,22): warning C4018: '<': signed/unsigned mismatch
G:\Github Repos\Custom-Console\DrawableConsole\DrawableConsole.cpp(2417,34): warning C4244: 'argument': conversion from 'int' to 'float', possible loss of data
G:\Github Repos\Custom-Console\DrawableConsole\DrawableConsole.cpp(2436,19): warning C4018: '>=': signed/unsigned mismatch
G:\Github Repos\Custom-Console\DrawableConsole\DrawableConsole.cpp(2473,38): warning C4244: 'argument': conversion from 'int' to 'float', possible loss of data
G:\Github Repos\Custom-Console\DrawableConsole\DrawableConsole.cpp(2473,35): warning C4244: 'argument': conversion from 'int' to 'float', possible loss of data
G:\Github Repos\Custom-Console\DrawableConsole\DrawableConsole.cpp(2494,37): warning C4244: 'argument': conversion from 'int' to 'float', possible loss of data
G:\Github Repos\Custom-Console\DrawableConsole\DrawableConsole.cpp(2494,34): warning C4244: 'argument': conversion from 'int' to 'float', possible loss of data
G:\Github Repos\Custom-Console\DrawableConsole\DrawableConsole.cpp(2600,38): warning C4244: 'argument': conversion from 'int' to 'float', possible loss of data
G:\Github Repos\Custom-Console\DrawableConsole\DrawableConsole.cpp(2600,35): warning C4244: 'argument': conversion from 'int' to 'float', possible loss of data
G:\Github Repos\Custom-Console\DrawableConsole\DrawableConsole.cpp(2652,37): warning C4244: 'argument': conversion from 'int' to 'float', possible loss of data
G:\Github Repos\Custom-Console\DrawableConsole\DrawableConsole.cpp(2652,35): warning C4244: 'argument': conversion from 'int' to 'float', possible loss of data
G:\Github Repos\Custom-Console\DrawableConsole\DrawableConsole.cpp(2686,56): warning C4244: 'argument': conversion from 'int' to 'float', possible loss of data
G:\Github Repos\Custom-Console\DrawableConsole\DrawableConsole.cpp(2686,53): warning C4244: 'argument': conversion from 'int' to 'float', possible loss of data
G:\Github Repos\Custom-Console\DrawableConsole\DrawableConsole.cpp(2789,38): warning C4244: 'argument': conversion from 'int' to 'float', possible loss of data
G:\Github Repos\Custom-Console\DrawableConsole\DrawableConsole.cpp(2789,35): warning C4244: 'argument': conversion from 'int' to 'float', possible loss of data
G:\Github Repos\Custom-Console\DrawableConsole\DrawableConsole.cpp(2870,38): warning C4244: 'argument': conversion from 'int' to 'float', possible loss of data
G:\Github Repos\Custom-Console\DrawableConsole\DrawableConsole.cpp(2870,35): warning C4244: 'argument': conversion from 'int' to 'float', possible loss of data
G:\Github Repos\Custom-Console\DrawableConsole\DrawableConsole.cpp(2952,38): warning C4244: 'argument': conversion from 'int' to 'float', possible loss of data
G:\Github Repos\Custom-Console\DrawableConsole\DrawableConsole.cpp(2952,35): warning C4244: 'argument': conversion from 'int' to 'float', possible loss of data
G:\Github Repos\Custom-Console\DrawableConsole\DrawableConsole.cpp(3014,38): warning C4244: 'argument': conversion from 'int' to 'float', possible loss of data
G:\Github Repos\Custom-Console\DrawableConsole\DrawableConsole.cpp(3014,35): warning C4244: 'argument': conversion from 'int' to 'float', possible loss of data
G:\Github Repos\Custom-Console\DrawableConsole\DrawableConsole.cpp(3090,20): warning C4018: '>=': signed/unsigned mismatch
G:\Github Repos\Custom-Console\DrawableConsole\DrawableConsole.cpp(3122,57): warning C4838: conversion from 'int' to 'SHORT' requires a narrowing conversion
G:\Github Repos\Custom-Console\DrawableConsole\DrawableConsole.cpp(3122,85): warning C4838: conversion from 'int' to 'SHORT' requires a narrowing conversion
G:\Github Repos\Custom-Console\DrawableConsole\DrawableConsole.cpp(3121,6): warning C4101: 'Status': unreferenced local variable
G:\Github Repos\Custom-Console\DrawableConsole\DrawableConsole.cpp(3120,8): warning C4101: 'NewSBSize': unreferenced local variable
G:\Github Repos\Custom-Console\DrawableConsole\DrawableConsole.cpp(3174,12): warning C4244: 'argument': conversion from 'time_t' to 'unsigned int', possible loss of data
  SYDEMenu.cpp
G:\Github Repos\Custom-Console\DrawableConsole\ConsoleWindow.h(297,75): warning C4018: '<': signed/unsigned mismatch
G:\Github Repos\Custom-Console\DrawableConsole\ConsoleWindow.h(299,73): warning C4018: '<': signed/unsigned mismatch
G:\Github Repos\Custom-Console\DrawableConsole\ConsoleWindow.h(300,40): warning C4018: '<': signed/unsigned mismatch
G:\Github Repos\Custom-Console\DrawableConsole\SYDEMenu.cpp(6,20): warning C4018: '<': signed/unsigned mismatch
G:\Github Repos\Custom-Console\DrawableConsole\SYDEMenu.cpp(31,22): warning C4018: '>=': signed/unsigned mismatch
G:\Github Repos\Custom-Console\DrawableConsole\SYDEMenu.cpp(40,20): warning C4018: '<': signed/unsigned mismatch
G:\Github Repos\Custom-Console\DrawableConsole\SYDEMenu.cpp(51,20): warning C4018: '<': signed/unsigned mismatch
G:\Github Repos\Custom-Console\DrawableConsole\SYDEMenu.cpp(80,22): warning C4018: '>=': signed/unsigned mismatch
G:\Github Repos\Custom-Console\DrawableConsole\SYDEMenu.cpp(89,20): warning C4018: '<': signed/unsigned mismatch
  DrawableConsole.vcxproj -> G:\Github Repos\Custom-Console\Debug\SYDEEngine_Debug.lib
